
     Program SHIRLEY v.4.3      starts on 11Sep2018 at 11:42:58 

     This program is part of the open-source Quantum ESPRESSO suite
     for quantum simulation of materials; please cite
         "P. Giannozzi et al., J. Phys.:Condens. Matter 21 395502 (2009);
          URL http://www.quantum-espresso.org", 
     in publications or presentations arising from this work. More details at
     http://www.quantum-espresso.org/wiki/index.php/Citing_Quantum-ESPRESSO

     Parallel version (MPI), running on     1 processors
  reading info from v2o5.O67-FCH.xas.5
  fermi_energy (stored) =   0.000000000000000E+000
  number of electrons modified based on input:
  nelec from Hamiltonian =    672.000000000000     
  nelec from input       =    672.000000000000     
     running ...
  reading ik=            1  of          125  wt=   8.000000000000000E-003
  0.000000000000000E+000  0.000000000000000E+000  0.000000000000000E+000
  reading ik=            2  of          125  wt=   8.000000000000000E-003
  0.000000000000000E+000  0.000000000000000E+000  0.200000000000000     
  reading ik=            3  of          125  wt=   8.000000000000000E-003
  0.000000000000000E+000  0.000000000000000E+000  0.400000000000000     
  reading ik=            4  of          125  wt=   8.000000000000000E-003
  0.000000000000000E+000  0.000000000000000E+000  0.600000000000000     
  reading ik=            5  of          125  wt=   8.000000000000000E-003
  0.000000000000000E+000  0.000000000000000E+000  0.800000000000000     
  reading ik=            6  of          125  wt=   8.000000000000000E-003
  0.000000000000000E+000  0.200000000000000       0.000000000000000E+000
  reading ik=            7  of          125  wt=   8.000000000000000E-003
  0.000000000000000E+000  0.200000000000000       0.200000000000000     
  reading ik=            8  of          125  wt=   8.000000000000000E-003
  0.000000000000000E+000  0.200000000000000       0.400000000000000     
  reading ik=            9  of          125  wt=   8.000000000000000E-003
  0.000000000000000E+000  0.200000000000000       0.600000000000000     
  reading ik=           10  of          125  wt=   8.000000000000000E-003
  0.000000000000000E+000  0.200000000000000       0.800000000000000     
  reading ik=           11  of          125  wt=   8.000000000000000E-003
  0.000000000000000E+000  0.400000000000000       0.000000000000000E+000
  reading ik=           12  of          125  wt=   8.000000000000000E-003
  0.000000000000000E+000  0.400000000000000       0.200000000000000     
  reading ik=           13  of          125  wt=   8.000000000000000E-003
  0.000000000000000E+000  0.400000000000000       0.400000000000000     
  reading ik=           14  of          125  wt=   8.000000000000000E-003
  0.000000000000000E+000  0.400000000000000       0.600000000000000     
  reading ik=           15  of          125  wt=   8.000000000000000E-003
  0.000000000000000E+000  0.400000000000000       0.800000000000000     
  reading ik=           16  of          125  wt=   8.000000000000000E-003
  0.000000000000000E+000  0.600000000000000       0.000000000000000E+000
  reading ik=           17  of          125  wt=   8.000000000000000E-003
  0.000000000000000E+000  0.600000000000000       0.200000000000000     
  reading ik=           18  of          125  wt=   8.000000000000000E-003
  0.000000000000000E+000  0.600000000000000       0.400000000000000     
  reading ik=           19  of          125  wt=   8.000000000000000E-003
  0.000000000000000E+000  0.600000000000000       0.600000000000000     
  reading ik=           20  of          125  wt=   8.000000000000000E-003
  0.000000000000000E+000  0.600000000000000       0.800000000000000     
  reading ik=           21  of          125  wt=   8.000000000000000E-003
  0.000000000000000E+000  0.800000000000000       0.000000000000000E+000
  reading ik=           22  of          125  wt=   8.000000000000000E-003
  0.000000000000000E+000  0.800000000000000       0.200000000000000     
  reading ik=           23  of          125  wt=   8.000000000000000E-003
  0.000000000000000E+000  0.800000000000000       0.400000000000000     
  reading ik=           24  of          125  wt=   8.000000000000000E-003
  0.000000000000000E+000  0.800000000000000       0.600000000000000     
  reading ik=           25  of          125  wt=   8.000000000000000E-003
  0.000000000000000E+000  0.800000000000000       0.800000000000000     
  reading ik=           26  of          125  wt=   8.000000000000000E-003
  0.200000000000000       0.000000000000000E+000  0.000000000000000E+000
  reading ik=           27  of          125  wt=   8.000000000000000E-003
  0.200000000000000       0.000000000000000E+000  0.200000000000000     
  reading ik=           28  of          125  wt=   8.000000000000000E-003
  0.200000000000000       0.000000000000000E+000  0.400000000000000     
  reading ik=           29  of          125  wt=   8.000000000000000E-003
  0.200000000000000       0.000000000000000E+000  0.600000000000000     
  reading ik=           30  of          125  wt=   8.000000000000000E-003
  0.200000000000000       0.000000000000000E+000  0.800000000000000     
  reading ik=           31  of          125  wt=   8.000000000000000E-003
  0.200000000000000       0.200000000000000       0.000000000000000E+000
  reading ik=           32  of          125  wt=   8.000000000000000E-003
  0.200000000000000       0.200000000000000       0.200000000000000     
  reading ik=           33  of          125  wt=   8.000000000000000E-003
  0.200000000000000       0.200000000000000       0.400000000000000     
  reading ik=           34  of          125  wt=   8.000000000000000E-003
  0.200000000000000       0.200000000000000       0.600000000000000     
  reading ik=           35  of          125  wt=   8.000000000000000E-003
  0.200000000000000       0.200000000000000       0.800000000000000     
  reading ik=           36  of          125  wt=   8.000000000000000E-003
  0.200000000000000       0.400000000000000       0.000000000000000E+000
  reading ik=           37  of          125  wt=   8.000000000000000E-003
  0.200000000000000       0.400000000000000       0.200000000000000     
  reading ik=           38  of          125  wt=   8.000000000000000E-003
  0.200000000000000       0.400000000000000       0.400000000000000     
  reading ik=           39  of          125  wt=   8.000000000000000E-003
  0.200000000000000       0.400000000000000       0.600000000000000     
  reading ik=           40  of          125  wt=   8.000000000000000E-003
  0.200000000000000       0.400000000000000       0.800000000000000     
  reading ik=           41  of          125  wt=   8.000000000000000E-003
  0.200000000000000       0.600000000000000       0.000000000000000E+000
  reading ik=           42  of          125  wt=   8.000000000000000E-003
  0.200000000000000       0.600000000000000       0.200000000000000     
  reading ik=           43  of          125  wt=   8.000000000000000E-003
  0.200000000000000       0.600000000000000       0.400000000000000     
  reading ik=           44  of          125  wt=   8.000000000000000E-003
  0.200000000000000       0.600000000000000       0.600000000000000     
  reading ik=           45  of          125  wt=   8.000000000000000E-003
  0.200000000000000       0.600000000000000       0.800000000000000     
  reading ik=           46  of          125  wt=   8.000000000000000E-003
  0.200000000000000       0.800000000000000       0.000000000000000E+000
  reading ik=           47  of          125  wt=   8.000000000000000E-003
  0.200000000000000       0.800000000000000       0.200000000000000     
  reading ik=           48  of          125  wt=   8.000000000000000E-003
  0.200000000000000       0.800000000000000       0.400000000000000     
  reading ik=           49  of          125  wt=   8.000000000000000E-003
  0.200000000000000       0.800000000000000       0.600000000000000     
  reading ik=           50  of          125  wt=   8.000000000000000E-003
  0.200000000000000       0.800000000000000       0.800000000000000     
  reading ik=           51  of          125  wt=   8.000000000000000E-003
  0.400000000000000       0.000000000000000E+000  0.000000000000000E+000
  reading ik=           52  of          125  wt=   8.000000000000000E-003
  0.400000000000000       0.000000000000000E+000  0.200000000000000     
  reading ik=           53  of          125  wt=   8.000000000000000E-003
  0.400000000000000       0.000000000000000E+000  0.400000000000000     
  reading ik=           54  of          125  wt=   8.000000000000000E-003
  0.400000000000000       0.000000000000000E+000  0.600000000000000     
  reading ik=           55  of          125  wt=   8.000000000000000E-003
  0.400000000000000       0.000000000000000E+000  0.800000000000000     
  reading ik=           56  of          125  wt=   8.000000000000000E-003
  0.400000000000000       0.200000000000000       0.000000000000000E+000
  reading ik=           57  of          125  wt=   8.000000000000000E-003
  0.400000000000000       0.200000000000000       0.200000000000000     
  reading ik=           58  of          125  wt=   8.000000000000000E-003
  0.400000000000000       0.200000000000000       0.400000000000000     
  reading ik=           59  of          125  wt=   8.000000000000000E-003
  0.400000000000000       0.200000000000000       0.600000000000000     
  reading ik=           60  of          125  wt=   8.000000000000000E-003
  0.400000000000000       0.200000000000000       0.800000000000000     
  reading ik=           61  of          125  wt=   8.000000000000000E-003
  0.400000000000000       0.400000000000000       0.000000000000000E+000
  reading ik=           62  of          125  wt=   8.000000000000000E-003
  0.400000000000000       0.400000000000000       0.200000000000000     
  reading ik=           63  of          125  wt=   8.000000000000000E-003
  0.400000000000000       0.400000000000000       0.400000000000000     
  reading ik=           64  of          125  wt=   8.000000000000000E-003
  0.400000000000000       0.400000000000000       0.600000000000000     
  reading ik=           65  of          125  wt=   8.000000000000000E-003
  0.400000000000000       0.400000000000000       0.800000000000000     
  reading ik=           66  of          125  wt=   8.000000000000000E-003
  0.400000000000000       0.600000000000000       0.000000000000000E+000
  reading ik=           67  of          125  wt=   8.000000000000000E-003
  0.400000000000000       0.600000000000000       0.200000000000000     
  reading ik=           68  of          125  wt=   8.000000000000000E-003
  0.400000000000000       0.600000000000000       0.400000000000000     
  reading ik=           69  of          125  wt=   8.000000000000000E-003
  0.400000000000000       0.600000000000000       0.600000000000000     
  reading ik=           70  of          125  wt=   8.000000000000000E-003
  0.400000000000000       0.600000000000000       0.800000000000000     
  reading ik=           71  of          125  wt=   8.000000000000000E-003
  0.400000000000000       0.800000000000000       0.000000000000000E+000
  reading ik=           72  of          125  wt=   8.000000000000000E-003
  0.400000000000000       0.800000000000000       0.200000000000000     
  reading ik=           73  of          125  wt=   8.000000000000000E-003
  0.400000000000000       0.800000000000000       0.400000000000000     
  reading ik=           74  of          125  wt=   8.000000000000000E-003
  0.400000000000000       0.800000000000000       0.600000000000000     
  reading ik=           75  of          125  wt=   8.000000000000000E-003
  0.400000000000000       0.800000000000000       0.800000000000000     
  reading ik=           76  of          125  wt=   8.000000000000000E-003
  0.600000000000000       0.000000000000000E+000  0.000000000000000E+000
  reading ik=           77  of          125  wt=   8.000000000000000E-003
  0.600000000000000       0.000000000000000E+000  0.200000000000000     
  reading ik=           78  of          125  wt=   8.000000000000000E-003
  0.600000000000000       0.000000000000000E+000  0.400000000000000     
  reading ik=           79  of          125  wt=   8.000000000000000E-003
  0.600000000000000       0.000000000000000E+000  0.600000000000000     
  reading ik=           80  of          125  wt=   8.000000000000000E-003
  0.600000000000000       0.000000000000000E+000  0.800000000000000     
  reading ik=           81  of          125  wt=   8.000000000000000E-003
  0.600000000000000       0.200000000000000       0.000000000000000E+000
  reading ik=           82  of          125  wt=   8.000000000000000E-003
  0.600000000000000       0.200000000000000       0.200000000000000     
  reading ik=           83  of          125  wt=   8.000000000000000E-003
  0.600000000000000       0.200000000000000       0.400000000000000     
  reading ik=           84  of          125  wt=   8.000000000000000E-003
  0.600000000000000       0.200000000000000       0.600000000000000     
  reading ik=           85  of          125  wt=   8.000000000000000E-003
  0.600000000000000       0.200000000000000       0.800000000000000     
  reading ik=           86  of          125  wt=   8.000000000000000E-003
  0.600000000000000       0.400000000000000       0.000000000000000E+000
  reading ik=           87  of          125  wt=   8.000000000000000E-003
  0.600000000000000       0.400000000000000       0.200000000000000     
  reading ik=           88  of          125  wt=   8.000000000000000E-003
  0.600000000000000       0.400000000000000       0.400000000000000     
  reading ik=           89  of          125  wt=   8.000000000000000E-003
  0.600000000000000       0.400000000000000       0.600000000000000     
  reading ik=           90  of          125  wt=   8.000000000000000E-003
  0.600000000000000       0.400000000000000       0.800000000000000     
  reading ik=           91  of          125  wt=   8.000000000000000E-003
  0.600000000000000       0.600000000000000       0.000000000000000E+000
  reading ik=           92  of          125  wt=   8.000000000000000E-003
  0.600000000000000       0.600000000000000       0.200000000000000     
  reading ik=           93  of          125  wt=   8.000000000000000E-003
  0.600000000000000       0.600000000000000       0.400000000000000     
  reading ik=           94  of          125  wt=   8.000000000000000E-003
  0.600000000000000       0.600000000000000       0.600000000000000     
  reading ik=           95  of          125  wt=   8.000000000000000E-003
  0.600000000000000       0.600000000000000       0.800000000000000     
  reading ik=           96  of          125  wt=   8.000000000000000E-003
  0.600000000000000       0.800000000000000       0.000000000000000E+000
  reading ik=           97  of          125  wt=   8.000000000000000E-003
  0.600000000000000       0.800000000000000       0.200000000000000     
  reading ik=           98  of          125  wt=   8.000000000000000E-003
  0.600000000000000       0.800000000000000       0.400000000000000     
  reading ik=           99  of          125  wt=   8.000000000000000E-003
  0.600000000000000       0.800000000000000       0.600000000000000     
  reading ik=          100  of          125  wt=   8.000000000000000E-003
  0.600000000000000       0.800000000000000       0.800000000000000     
  reading ik=          101  of          125  wt=   8.000000000000000E-003
  0.800000000000000       0.000000000000000E+000  0.000000000000000E+000
  reading ik=          102  of          125  wt=   8.000000000000000E-003
  0.800000000000000       0.000000000000000E+000  0.200000000000000     
  reading ik=          103  of          125  wt=   8.000000000000000E-003
  0.800000000000000       0.000000000000000E+000  0.400000000000000     
  reading ik=          104  of          125  wt=   8.000000000000000E-003
  0.800000000000000       0.000000000000000E+000  0.600000000000000     
  reading ik=          105  of          125  wt=   8.000000000000000E-003
  0.800000000000000       0.000000000000000E+000  0.800000000000000     
  reading ik=          106  of          125  wt=   8.000000000000000E-003
  0.800000000000000       0.200000000000000       0.000000000000000E+000
  reading ik=          107  of          125  wt=   8.000000000000000E-003
  0.800000000000000       0.200000000000000       0.200000000000000     
  reading ik=          108  of          125  wt=   8.000000000000000E-003
  0.800000000000000       0.200000000000000       0.400000000000000     
  reading ik=          109  of          125  wt=   8.000000000000000E-003
  0.800000000000000       0.200000000000000       0.600000000000000     
  reading ik=          110  of          125  wt=   8.000000000000000E-003
  0.800000000000000       0.200000000000000       0.800000000000000     
  reading ik=          111  of          125  wt=   8.000000000000000E-003
  0.800000000000000       0.400000000000000       0.000000000000000E+000
  reading ik=          112  of          125  wt=   8.000000000000000E-003
  0.800000000000000       0.400000000000000       0.200000000000000     
  reading ik=          113  of          125  wt=   8.000000000000000E-003
  0.800000000000000       0.400000000000000       0.400000000000000     
  reading ik=          114  of          125  wt=   8.000000000000000E-003
  0.800000000000000       0.400000000000000       0.600000000000000     
  reading ik=          115  of          125  wt=   8.000000000000000E-003
  0.800000000000000       0.400000000000000       0.800000000000000     
  reading ik=          116  of          125  wt=   8.000000000000000E-003
  0.800000000000000       0.600000000000000       0.000000000000000E+000
  reading ik=          117  of          125  wt=   8.000000000000000E-003
  0.800000000000000       0.600000000000000       0.200000000000000     
  reading ik=          118  of          125  wt=   8.000000000000000E-003
  0.800000000000000       0.600000000000000       0.400000000000000     
  reading ik=          119  of          125  wt=   8.000000000000000E-003
  0.800000000000000       0.600000000000000       0.600000000000000     
  reading ik=          120  of          125  wt=   8.000000000000000E-003
  0.800000000000000       0.600000000000000       0.800000000000000     
  reading ik=          121  of          125  wt=   8.000000000000000E-003
  0.800000000000000       0.800000000000000       0.000000000000000E+000
  reading ik=          122  of          125  wt=   8.000000000000000E-003
  0.800000000000000       0.800000000000000       0.200000000000000     
  reading ik=          123  of          125  wt=   8.000000000000000E-003
  0.800000000000000       0.800000000000000       0.400000000000000     
  reading ik=          124  of          125  wt=   8.000000000000000E-003
  0.800000000000000       0.800000000000000       0.600000000000000     
  reading ik=          125  of          125  wt=   8.000000000000000E-003
  0.800000000000000       0.800000000000000       0.800000000000000     
     input Fermi energy ...
  Fermi Energy =   0.000000000000000E+000  eV
  temperature =   0.000000000000000E+000  eV
  temperature =   0.000000000000000E+000  K
  nelec =    672.000000000000     
  smearing = fermi-dirac
                       ef                      def                   nelecf                    nelec
      4.31080003      1.00000000    669.45600000    672.00000000
     17.91660003      1.00000000    985.64800000    672.00000000
     11.11370003     -0.50000000    910.88000000    672.00000000
      4.31080003     -0.50000000    669.45600000    672.00000000
      7.71225003      0.25000000    723.76000000    672.00000000
      6.01152503     -0.12500000    674.00000000    672.00000000
      4.31080003     -0.12500000    669.45600000    672.00000000
      5.16116253      0.06250000    672.00000000    672.00000000
           VBM =    4.41218905728090       eV
           CBM =    5.90963238552784       eV
  Fermi Energy =    5.16112166481844       eV
