
     Program SHIRLEY v.4.3      starts on  4Sep2018 at 18:38:39 

     This program is part of the open-source Quantum ESPRESSO suite
     for quantum simulation of materials; please cite
         "P. Giannozzi et al., J. Phys.:Condens. Matter 21 395502 (2009);
          URL http://www.quantum-espresso.org", 
     in publications or presentations arising from this work. More details at
     http://www.quantum-espresso.org/wiki/index.php/Citing_Quantum-ESPRESSO

     Parallel version (MPI), running on    32 processors
     R & G space division:  proc/pool =   32

     Ultrasoft (Vanderbilt) Pseudopotentials

     Current dimensions of program PWSCF are:
     Max number of different atomic species (ntypx) = **
     Max number of k-points (npk) =  40000
     Max angular momentum in pseudopotentials (lmaxx) =  3
 
  generating overlap matrix between optimal bases at
    ../GS/benzene_opt
    ./benzene.C01-XCH_opt
 
  generating overlap matrix between optimal bases at
    ../GS/benzene_opt
    ./benzene.C01-XCH_opt
 
  generating overlap matrix between optimal bases at
    ../GS/benzene_opt
    ./benzene.C01-XCH_opt
 
  generating overlap matrix between optimal bases at
    ../GS/benzene_opt
    ./benzene.C01-XCH_opt
 
  generating overlap matrix between optimal bases at
    ../GS/benzene_opt
    ./benzene.C01-XCH_opt
 
  generating overlap matrix between optimal bases at
    ../GS/benzene_opt
    ./benzene.C01-XCH_opt
 
  generating overlap matrix between optimal bases at
    ../GS/benzene_opt
    ./benzene.C01-XCH_opt
 
  generating overlap matrix between optimal bases at
    ../GS/benzene_opt
    ./benzene.C01-XCH_opt
 
  generating overlap matrix between optimal bases at
    ../GS/benzene_opt
    ./benzene.C01-XCH_opt
 
  generating overlap matrix between optimal bases at
    ../GS/benzene_opt
    ./benzene.C01-XCH_opt
 
  generating overlap matrix between optimal bases at
    ../GS/benzene_opt
    ./benzene.C01-XCH_opt
 
  generating overlap matrix between optimal bases at
    ../GS/benzene_opt
    ./benzene.C01-XCH_opt
 
  generating overlap matrix between optimal bases at
    ../GS/benzene_opt
    ./benzene.C01-XCH_opt
 
  generating overlap matrix between optimal bases at
    ../GS/benzene_opt
    ./benzene.C01-XCH_opt
 
  generating overlap matrix between optimal bases at
    ../GS/benzene_opt
    ./benzene.C01-XCH_opt
 
  generating overlap matrix between optimal bases at
    ../GS/benzene_opt
    ./benzene.C01-XCH_opt
 
  generating overlap matrix between optimal bases at
    ../GS/benzene_opt
    ./benzene.C01-XCH_opt
 
  generating overlap matrix between optimal bases at
    ../GS/benzene_opt
    ./benzene.C01-XCH_opt
 
  generating overlap matrix between optimal bases at
    ../GS/benzene_opt
    ./benzene.C01-XCH_opt
 
  generating overlap matrix between optimal bases at
    ../GS/benzene_opt
    ./benzene.C01-XCH_opt
 
  generating overlap matrix between optimal bases at
    ../GS/benzene_opt
    ./benzene.C01-XCH_opt
 
  generating overlap matrix between optimal bases at
    ../GS/benzene_opt
    ./benzene.C01-XCH_opt
 
  generating overlap matrix between optimal bases at
    ../GS/benzene_opt
    ./benzene.C01-XCH_opt
 
  generating overlap matrix between optimal bases at
    ../GS/benzene_opt
    ./benzene.C01-XCH_opt
 
  generating overlap matrix between optimal bases at
    ../GS/benzene_opt
    ./benzene.C01-XCH_opt
 
  generating overlap matrix between optimal bases at
    ../GS/benzene_opt
    ./benzene.C01-XCH_opt
 
  generating overlap matrix between optimal bases at
    ../GS/benzene_opt
    ./benzene.C01-XCH_opt
 
  generating overlap matrix between optimal bases at
    ../GS/benzene_opt
    ./benzene.C01-XCH_opt
 
  generating overlap matrix between optimal bases at
    ../GS/benzene_opt
    ./benzene.C01-XCH_opt
 
  generating overlap matrix between optimal bases at
    ../GS/benzene_opt
    ./benzene.C01-XCH_opt
 
  generating overlap matrix between optimal bases at
    ../GS/benzene_opt
    ./benzene.C01-XCH_opt
 
  generating overlap matrix between optimal bases at
    ../GS/benzene_opt
    ./benzene.C01-XCH_opt
 
     Message from routine read_file_shirley:
     file ../GS/benzene_opt.save not guaranteed to be safe for post-processing
         nkstot =            1
           lsda =  F
       noncolin =  F

   Info: using nr1, nr2, nr3 values from input

   Info: using nr1s, nr2s, nr3s values from input
         nspin =            1
          npol =            1
  current_spin =            1
  gamma_only =  F
  at =    1.00000000000000       0.000000000000000E+000  0.000000000000000E+000
  0.000000000000000E+000   1.04661811515428       0.000000000000000E+000
  0.000000000000000E+000  0.000000000000000E+000  0.698649928877437     
  bg =    1.00000000000000       0.000000000000000E+000  0.000000000000000E+000
  0.000000000000000E+000  0.955458333388961       0.000000000000000E+000
  0.000000000000000E+000  0.000000000000000E+000   1.43133200000000     
 
   Stick Mesh
   ----------
   nst = 14471,  nstw =  1803, nsts =  7219
               n.st   n.stw   n.sts    n.g    n.gw   n.gs
   min         452      56     225   27960    1236    9876
   max         454      57     226   27962    1239    9892
      14471    1803    7219  894735   39603  316283
 
  npwx =         1236  npol =            1
  npwx =         1236  npol =            1
  npwx =         1236  npol =            1
  npwx =         1238  npol =            1
  npwx =         1238  npol =            1
  npwx =         1239  npol =            1
  npwx =         1236  npol =            1
  npwx =         1236  npol =            1
  npwx =         1236  npol =            1
  npwx =         1236  npol =            1
  npwx =         1236  npol =            1
  npwx =         1238  npol =            1
  npwx =         1238  npol =            1
  npwx =         1239  npol =            1
  npwx =         1238  npol =            1
  npwx =         1239  npol =            1
  npwx =         1239  npol =            1
  npwx =         1236  npol =            1
  npwx =         1238  npol =            1
  npwx =         1238  npol =            1
  npwx =         1239  npol =            1
  npwx =         1239  npol =            1
  npwx =         1239  npol =            1
  npwx =         1239  npol =            1
  npwx =         1236  npol =            1
  npwx =         1239  npol =            1
  npwx =         1239  npol =            1
  npwx =         1238  npol =            1
  npwx =         1236  npol =            1
  npwx =         1238  npol =            1
  npwx =         1236  npol =            1
  npwx =         1239  npol =            1
  reading basis 1
  nbnd =          969
  npwx =         1239  npol =            1
  npwx =         1239  npol =            1
  npwx =         1239  npol =            1
  npwx =         1239  npol =            1
  npwx =         1239  npol =            1
  npwx =         1238  npol =            1
  npwx =         1238  npol =            1
  npwx =         1238  npol =            1
  npwx =         1238  npol =            1
  npwx =         1238  npol =            1
  npwx =         1239  npol =            1
  npwx =         1238  npol =            1
  npwx =         1239  npol =            1
  npwx =         1238  npol =            1
  nbnd =          969
  npwx =         1238  npol =            1
  npwx =         1238  npol =            1
  npwx =         1236  npol =            1
  npwx =         1236  npol =            1
  npwx =         1236  npol =            1
  npwx =         1236  npol =            1
  npwx =         1236  npol =            1
  npwx =         1239  npol =            1
  npwx =         1236  npol =            1
  npwx =         1236  npol =            1
  npwx =         1236  npol =            1
  npwx =         1239  npol =            1
  npwx =         1239  npol =            1
  npwx =         1236  npol =            1
  npwx =         1236  npol =            1
  npwx =         1236  npol =            1
  npwx =         1236  npol =            1
  npwx =         1239  npol =            1
  reading basis 2
  computing overlap
  npw =         1238  npwx =         1238
 
     shirley      :      8.90s CPU    274.61s WALL (       1 calls)
     General routines
     davcio       :      0.00s CPU      0.05s WALL (       2 calls)
 
     Parallel routines
