
     Program SHIRLEY v.4.3      starts on 10Sep2018 at 22:36:57 

     This program is part of the open-source Quantum ESPRESSO suite
     for quantum simulation of materials; please cite
         "P. Giannozzi et al., J. Phys.:Condens. Matter 21 395502 (2009);
          URL http://www.quantum-espresso.org", 
     in publications or presentations arising from this work. More details at
     http://www.quantum-espresso.org/wiki/index.php/Citing_Quantum-ESPRESSO

     Parallel version (MPI), running on    64 processors
     R & G space division:  proc/pool =   64

     Ultrasoft (Vanderbilt) Pseudopotentials

     Current dimensions of program PWSCF are:
     Max number of different atomic species (ntypx) = **
     Max number of k-points (npk) =  40000
     Max angular momentum in pseudopotentials (lmaxx) =  3
  generating overlap matrix between optimal bases at
    ../GS/v2o5_opt
    ./v2o5.O25-FCH_opt
 
  generating overlap matrix between optimal bases at
    ../GS/v2o5_opt
    ./v2o5.O25-FCH_opt
 
  generating overlap matrix between optimal bases at
    ../GS/v2o5_opt
    ./v2o5.O25-FCH_opt
 
  generating overlap matrix between optimal bases at
    ../GS/v2o5_opt
    ./v2o5.O25-FCH_opt
 
  generating overlap matrix between optimal bases at
    ../GS/v2o5_opt
    ./v2o5.O25-FCH_opt
 
  generating overlap matrix between optimal bases at
    ../GS/v2o5_opt
    ./v2o5.O25-FCH_opt
 
  generating overlap matrix between optimal bases at
    ../GS/v2o5_opt
    ./v2o5.O25-FCH_opt
 
  generating overlap matrix between optimal bases at
    ../GS/v2o5_opt
    ./v2o5.O25-FCH_opt
 
  generating overlap matrix between optimal bases at
    ../GS/v2o5_opt
    ./v2o5.O25-FCH_opt
 
  generating overlap matrix between optimal bases at
    ../GS/v2o5_opt
    ./v2o5.O25-FCH_opt
 
  generating overlap matrix between optimal bases at
    ../GS/v2o5_opt
    ./v2o5.O25-FCH_opt
 
  generating overlap matrix between optimal bases at
    ../GS/v2o5_opt
    ./v2o5.O25-FCH_opt
 
  generating overlap matrix between optimal bases at
    ../GS/v2o5_opt
    ./v2o5.O25-FCH_opt
 
  generating overlap matrix between optimal bases at
    ../GS/v2o5_opt
    ./v2o5.O25-FCH_opt
 
  generating overlap matrix between optimal bases at
    ../GS/v2o5_opt
    ./v2o5.O25-FCH_opt
 
  generating overlap matrix between optimal bases at
    ../GS/v2o5_opt
    ./v2o5.O25-FCH_opt
 
  generating overlap matrix between optimal bases at
    ../GS/v2o5_opt
    ./v2o5.O25-FCH_opt
 
  generating overlap matrix between optimal bases at
    ../GS/v2o5_opt
    ./v2o5.O25-FCH_opt
 
  generating overlap matrix between optimal bases at
    ../GS/v2o5_opt
    ./v2o5.O25-FCH_opt
 
  generating overlap matrix between optimal bases at
    ../GS/v2o5_opt
    ./v2o5.O25-FCH_opt
 
  generating overlap matrix between optimal bases at
    ../GS/v2o5_opt
    ./v2o5.O25-FCH_opt
 
 
  generating overlap matrix between optimal bases at
    ../GS/v2o5_opt
    ./v2o5.O25-FCH_opt
 
  generating overlap matrix between optimal bases at
    ../GS/v2o5_opt
    ./v2o5.O25-FCH_opt
 
  generating overlap matrix between optimal bases at
    ../GS/v2o5_opt
    ./v2o5.O25-FCH_opt
 
  generating overlap matrix between optimal bases at
    ../GS/v2o5_opt
    ./v2o5.O25-FCH_opt
 
  generating overlap matrix between optimal bases at
    ../GS/v2o5_opt
    ./v2o5.O25-FCH_opt
 
  generating overlap matrix between optimal bases at
    ../GS/v2o5_opt
    ./v2o5.O25-FCH_opt
 
  generating overlap matrix between optimal bases at
    ../GS/v2o5_opt
    ./v2o5.O25-FCH_opt
 
  generating overlap matrix between optimal bases at
    ../GS/v2o5_opt
    ./v2o5.O25-FCH_opt
 
  generating overlap matrix between optimal bases at
    ../GS/v2o5_opt
    ./v2o5.O25-FCH_opt
 
  generating overlap matrix between optimal bases at
    ../GS/v2o5_opt
    ./v2o5.O25-FCH_opt
 
  generating overlap matrix between optimal bases at
    ../GS/v2o5_opt
    ./v2o5.O25-FCH_opt
 
  generating overlap matrix between optimal bases at
    ../GS/v2o5_opt
    ./v2o5.O25-FCH_opt
 
  generating overlap matrix between optimal bases at
    ../GS/v2o5_opt
    ./v2o5.O25-FCH_opt
 
  generating overlap matrix between optimal bases at
    ../GS/v2o5_opt
    ./v2o5.O25-FCH_opt
 
  generating overlap matrix between optimal bases at
    ../GS/v2o5_opt
    ./v2o5.O25-FCH_opt
 
  generating overlap matrix between optimal bases at
    ../GS/v2o5_opt
    ./v2o5.O25-FCH_opt
 
  generating overlap matrix between optimal bases at
    ../GS/v2o5_opt
    ./v2o5.O25-FCH_opt
 
  generating overlap matrix between optimal bases at
    ../GS/v2o5_opt
    ./v2o5.O25-FCH_opt
 
  generating overlap matrix between optimal bases at
    ../GS/v2o5_opt
    ./v2o5.O25-FCH_opt
 
  generating overlap matrix between optimal bases at
    ../GS/v2o5_opt
    ./v2o5.O25-FCH_opt
 
  generating overlap matrix between optimal bases at
    ../GS/v2o5_opt
    ./v2o5.O25-FCH_opt
 
  generating overlap matrix between optimal bases at
    ../GS/v2o5_opt
    ./v2o5.O25-FCH_opt
 
  generating overlap matrix between optimal bases at
    ../GS/v2o5_opt
    ./v2o5.O25-FCH_opt
 
  generating overlap matrix between optimal bases at
    ../GS/v2o5_opt
    ./v2o5.O25-FCH_opt
 
  generating overlap matrix between optimal bases at
    ../GS/v2o5_opt
    ./v2o5.O25-FCH_opt
 
  generating overlap matrix between optimal bases at
    ../GS/v2o5_opt
    ./v2o5.O25-FCH_opt
 
  generating overlap matrix between optimal bases at
    ../GS/v2o5_opt
    ./v2o5.O25-FCH_opt
 
  generating overlap matrix between optimal bases at
    ../GS/v2o5_opt
    ./v2o5.O25-FCH_opt
 
  generating overlap matrix between optimal bases at
    ../GS/v2o5_opt
    ./v2o5.O25-FCH_opt
 
  generating overlap matrix between optimal bases at
    ../GS/v2o5_opt
    ./v2o5.O25-FCH_opt
 
  generating overlap matrix between optimal bases at
    ../GS/v2o5_opt
    ./v2o5.O25-FCH_opt
 
  generating overlap matrix between optimal bases at
    ../GS/v2o5_opt
    ./v2o5.O25-FCH_opt
 
  generating overlap matrix between optimal bases at
    ../GS/v2o5_opt
    ./v2o5.O25-FCH_opt
 
  generating overlap matrix between optimal bases at
    ../GS/v2o5_opt
    ./v2o5.O25-FCH_opt
 
  generating overlap matrix between optimal bases at
    ../GS/v2o5_opt
    ./v2o5.O25-FCH_opt
 
  generating overlap matrix between optimal bases at
    ../GS/v2o5_opt
    ./v2o5.O25-FCH_opt
 
  generating overlap matrix between optimal bases at
    ../GS/v2o5_opt
    ./v2o5.O25-FCH_opt
 
  generating overlap matrix between optimal bases at
    ../GS/v2o5_opt
    ./v2o5.O25-FCH_opt
 
  generating overlap matrix between optimal bases at
    ../GS/v2o5_opt
    ./v2o5.O25-FCH_opt
 
  generating overlap matrix between optimal bases at
    ../GS/v2o5_opt
    ./v2o5.O25-FCH_opt
 
  generating overlap matrix between optimal bases at
    ../GS/v2o5_opt
    ./v2o5.O25-FCH_opt
 
  generating overlap matrix between optimal bases at
    ../GS/v2o5_opt
    ./v2o5.O25-FCH_opt
 
  generating overlap matrix between optimal bases at
    ../GS/v2o5_opt
    ./v2o5.O25-FCH_opt
 
     Message from routine read_file_shirley:
     file ../GS/v2o5_opt.save not guaranteed to be safe for post-processing
         nkstot =            1
           lsda =  F
       noncolin =  F

   Info: using nr1, nr2, nr3 values from input

   Info: using nr1s, nr2s, nr3s values from input
         nspin =            1
          npol =            1
  current_spin =            1
  gamma_only =  F
  at =    1.00000000000000       0.000000000000000E+000  0.000000000000000E+000
  0.000000000000000E+000  0.927671042336782       0.000000000000000E+000
  0.000000000000000E+000  0.000000000000000E+000  0.759627923150482     
  bg =    1.00000000000000       0.000000000000000E+000  0.000000000000000E+000
  0.000000000000000E+000   1.07796832536782       0.000000000000000E+000
  0.000000000000000E+000  0.000000000000000E+000   1.31643396658274     
 
   Stick Mesh
   ----------
   nst = 12755,  nstw =  1275, nsts =  5091
               n.st   n.stw   n.sts    n.g    n.gw   n.gs
   min         199      19      79   13325     418    3355
   max         200      21      80   13328     424    3386
      12755    1275    5091  852875   26977  215765
 
  npwx =          422  npol =            1
  npwx =          422  npol =            1
  npwx =          422  npol =            1
  npwx =          422  npol =            1
  npwx =          422  npol =            1
  npwx =          420  npol =            1
  npwx =          422  npol =            1
  npwx =          422  npol =            1
  npwx =          422  npol =            1
  npwx =          422  npol =            1
  npwx =          424  npol =            1
  npwx =          422  npol =            1
  npwx =          422  npol =            1
  npwx =          419  npol =            1
  npwx =          422  npol =            1
  npwx =          422  npol =            1
  npwx =          422  npol =            1
  npwx =          424  npol =            1
  npwx =          418  npol =            1
  npwx =          420  npol =            1
  npwx =          419  npol =            1
  npwx =          419  npol =            1
  npwx =          424  npol =            1
  npwx =          424  npol =            1
  npwx =          422  npol =            1
  npwx =          424  npol =            1
  npwx =          424  npol =            1
  npwx =          424  npol =            1
  npwx =          419  npol =            1
  npwx =          424  npol =            1
  npwx =          419  npol =            1
  npwx =          424  npol =            1
  npwx =          424  npol =            1
  npwx =          422  npol =            1
  npwx =          422  npol =            1
  npwx =          422  npol =            1
  npwx =          424  npol =            1
  npwx =          418  npol =            1
  npwx =          419  npol =            1
  npwx =          424  npol =            1
  npwx =          422  npol =            1
  npwx =          419  npol =            1
  npwx =          422  npol =            1
  npwx =          419  npol =            1
  npwx =          422  npol =            1
  npwx =          422  npol =            1
  npwx =          422  npol =            1
  npwx =          422  npol =            1
  npwx =          422  npol =            1
  npwx =          420  npol =            1
  npwx =          419  npol =            1
  npwx =          419  npol =            1
  npwx =          424  npol =            1
  npwx =          424  npol =            1
  npwx =          420  npol =            1
  npwx =          419  npol =            1
  npwx =          422  npol =            1
  npwx =          419  npol =            1
  npwx =          419  npol =            1
  npwx =          419  npol =            1
  npwx =          422  npol =            1
  npwx =          422  npol =            1
  npwx =          424  npol =            1
  npwx =          419  npol =            1
  reading basis 1
  nbnd =         2191
  npwx =          419  npol =            1
  npwx =          424  npol =            1
  npwx =          424  npol =            1
  npwx =          419  npol =            1
  npwx =          424  npol =            1
  npwx =          424  npol =            1
  npwx =          424  npol =            1
  npwx =          419  npol =            1
  npwx =          419  npol =            1
  nbnd =         2191
  npwx =          419  npol =            1
  npwx =          419  npol =            1
  npwx =          424  npol =            1
  npwx =          424  npol =            1
  npwx =          419  npol =            1
  npwx =          424  npol =            1
  npwx =          424  npol =            1
  npwx =          424  npol =            1
  npwx =          419  npol =            1
  npwx =          419  npol =            1
  npwx =          424  npol =            1
  npwx =          422  npol =            1
  npwx =          424  npol =            1
  npwx =          422  npol =            1
  npwx =          422  npol =            1
  npwx =          419  npol =            1
  npwx =          419  npol =            1
  npwx =          422  npol =            1
  npwx =          422  npol =            1
  npwx =          422  npol =            1
  npwx =          424  npol =            1
  npwx =          422  npol =            1
  npwx =          424  npol =            1
  npwx =          422  npol =            1
  npwx =          422  npol =            1
  npwx =          422  npol =            1
  npwx =          422  npol =            1
  npwx =          419  npol =            1
  npwx =          422  npol =            1
  npwx =          422  npol =            1
  npwx =          422  npol =            1
  npwx =          420  npol =            1
  npwx =          422  npol =            1
  npwx =          422  npol =            1
  npwx =          422  npol =            1
  npwx =          422  npol =            1
  npwx =          422  npol =            1
  npwx =          418  npol =            1
  npwx =          422  npol =            1
  npwx =          420  npol =            1
  npwx =          422  npol =            1
  npwx =          420  npol =            1
  npwx =          422  npol =            1
  npwx =          419  npol =            1
  npwx =          422  npol =            1
  npwx =          419  npol =            1
  npwx =          422  npol =            1
  npwx =          420  npol =            1
  npwx =          422  npol =            1
  npwx =          418  npol =            1
  npwx =          424  npol =            1
  npwx =          419  npol =            1
  npwx =          422  npol =            1
  npwx =          422  npol =            1
  npwx =          422  npol =            1
  reading basis 2
  computing overlap
  npw =          419  npwx =          419
 
     shirley      :     18.46s CPU    853.46s WALL (       1 calls)
     General routines
     davcio       :      0.00s CPU      0.04s WALL (       2 calls)
 
     Parallel routines
