XYZFILES = acetic.xyz
Working on xyz-file acetic.xyz
Converting acetic.xyz to input
 List CALC_LIST
 /global/scratch/yufengl/mbxas/acetic-more-bands/XAS/acetic/GS scf nscf basis ham xmat
 /global/scratch/yufengl/mbxas/acetic-more-bands/XAS/acetic/O1 scf nscf basis ham basis_overlap xas
 /global/scratch/yufengl/mbxas/acetic-more-bands/XAS/acetic/O2 scf nscf basis ham basis_overlap xas
 3 jobs to be completed and listed in Task_Block.in
 NJOB could be set efficiently to these factors of 3: 1 3
====================================================================================================
 Parallel processing environment parameters
====================================================================================================
 Job ID                        = 13938120
 Job hosts                     = n0096.etna0,n0097.etna0
 Job submit directory          = /global/scratch/yufengl/mbxas/acetic-more-bands
----------------------------------------------------------------------------------------------------
 Number of nodes               = 2
 Number of processors          = 32
 Number of tasks per node      = 16
====================================================================================================

 chop_procs : dividing processes equally using files in directory /global/scratch/yufengl/mbxas/acetic-more-bands/Nodes
 Number of simultaneous atoms  = 1
----------------------------------------------------------------------------------------------------
 Number of nodes per atom      = 2
 Number of processors per atom = 32
PID 11276 | 18:21:40 | done reading /global/scratch/yufengl/mbxas/acetic-more-bands/Task_Block.in
PID 11276 | 18:21:41 | scf; nscf; basis; ham; xmat
PID 11276 | 18:21:41 |  Master process just spawned child process 11310 - /global/scratch/yufengl/mbxas/acetic-more-bands/XAS/acetic/GS
PID 11310 | 18:21:41 | chop_run - follow this child process until completion - /global/scratch/yufengl/mbxas/acetic-more-bands/XAS/acetic/GS
Located nodefile /global/scratch/yufengl/mbxas/acetic-more-bands/XAS/acetic/GS/Node-13938120-1

====================================================================================================
PID 11310 |  Starting execution for acetic/GS0 at: Tue Sep  4 18:21:41 PDT 2018 | 18:21:41 | 
====================================================================================================
PID 11310 | acetic/GS0 | 18:21:41 | Running directory /global/scratch/yufengl/mbxas/acetic-more-bands/XAS/acetic/GS
PID 11310 | 18:21:41 | scf; nscf; basis; ham; xmat
PID 11310 | 18:21:41 | scf: looks completed - delete output files if this is an error
PID 11310 | acetic/GS0 | 18:21:41 | Starting NSCF...
PID 11310 | acetic/GS0 | 18:21:41 | Running pw.x as: /global/software/sl-7.x86_64/modules/intel/2016.4.072/openmpi/2.0.2-intel/bin/mpirun -n 32 -host n0096.etna0,n0096.etna0,n0096.etna0,n0096.etna0,n0096.etna0,n0096.etna0,n0096.etna0,n0096.etna0,n0096.etna0,n0096.etna0,n0096.etna0,n0096.etna0,n0096.etna0,n0096.etna0,n0096.etna0,n0096.etna0,n0097.etna0,n0097.etna0,n0097.etna0,n0097.etna0,n0097.etna0,n0097.etna0,n0097.etna0,n0097.etna0,n0097.etna0,n0097.etna0,n0097.etna0,n0097.etna0,n0097.etna0,n0097.etna0,n0097.etna0,n0097.etna0  /global/home/groups-sw/nano/software/sl-7.x86_64/MBXAS/Shirley/bin/pw.x  
PID 11276 | 18:21:42 | scf; nscf; basis; ham; basis_overlap; xas
PID 11276 | 18:21:42 |  Master process just spawned child process 11513 - /global/scratch/yufengl/mbxas/acetic-more-bands/XAS/acetic/O1
PID 11513 | 18:21:42 | chop_run - follow this child process until completion - /global/scratch/yufengl/mbxas/acetic-more-bands/XAS/acetic/O1
PID 11276 | 18:21:43 | scf; nscf; basis; ham; basis_overlap; xas
PID 11276 | 18:21:43 |  Master process just spawned child process 11529 - /global/scratch/yufengl/mbxas/acetic-more-bands/XAS/acetic/O2
PID 11529 | 18:21:43 | chop_run - follow this child process until completion - /global/scratch/yufengl/mbxas/acetic-more-bands/XAS/acetic/O2
====================================================================================================
PID 11310 | acetic/GS0 | 18:22:55 | NSCF completed
PID 11310 | acetic/GS0 | 18:22:55 | Starting BASIS...
PID 11310 | acetic/GS0 | 18:22:55 | Running shirley_basis.x as: /global/software/sl-7.x86_64/modules/intel/2016.4.072/openmpi/2.0.2-intel/bin/mpirun -n 32 -host n0096.etna0,n0096.etna0,n0096.etna0,n0096.etna0,n0096.etna0,n0096.etna0,n0096.etna0,n0096.etna0,n0096.etna0,n0096.etna0,n0096.etna0,n0096.etna0,n0096.etna0,n0096.etna0,n0096.etna0,n0096.etna0,n0097.etna0,n0097.etna0,n0097.etna0,n0097.etna0,n0097.etna0,n0097.etna0,n0097.etna0,n0097.etna0,n0097.etna0,n0097.etna0,n0097.etna0,n0097.etna0,n0097.etna0,n0097.etna0,n0097.etna0,n0097.etna0  /global/home/groups-sw/nano/software/sl-7.x86_64/MBXAS/Shirley/bin/shirley_basis.x
====================================================================================================
PID 11310 | acetic/GS0 | 18:23:32 | BASIS completed
PID 11310 | acetic/GS0 | 18:23:32 | Starting HAM...
PID 11310 | acetic/GS0 | 18:23:32 | Running shirley_ham.x as: /global/software/sl-7.x86_64/modules/intel/2016.4.072/openmpi/2.0.2-intel/bin/mpirun -n 32 -host n0096.etna0,n0096.etna0,n0096.etna0,n0096.etna0,n0096.etna0,n0096.etna0,n0096.etna0,n0096.etna0,n0096.etna0,n0096.etna0,n0096.etna0,n0096.etna0,n0096.etna0,n0096.etna0,n0096.etna0,n0096.etna0,n0097.etna0,n0097.etna0,n0097.etna0,n0097.etna0,n0097.etna0,n0097.etna0,n0097.etna0,n0097.etna0,n0097.etna0,n0097.etna0,n0097.etna0,n0097.etna0,n0097.etna0,n0097.etna0,n0097.etna0,n0097.etna0  /global/home/groups-sw/nano/software/sl-7.x86_64/MBXAS/Shirley/bin/shirley_ham.x
====================================================================================================
PID 11310 | acetic/GS0 | 18:23:45 | HAM completed
PID 11310 | 18:23:45 | acetic.ham.out: nbasis = 819, nproj = 36, nknot = 27
 Estimated data load per atom (MB) = 63
 Processes available per atom, PARA_NPROCS_PER_ATOM = 32
setup_procs_per_pool: Setting a reasonable default value for memory available per process
 Memory avail(MB) per process, PARA_PROC_MEM = 1024
 Proccesses per pool per atom, PARA_NPROCS_PER_POOL = 1
PID 11310 | acetic/GS0 | 18:23:45 | Starting XMAT...
PID 11310 | 18:23:45 | ind_s = 1, S = C, ATOM_SYMBOL = O;
PID 11310 | 18:23:45 | ind_s = 2, S = H, ATOM_SYMBOL = O;
PID 11310 | 18:23:45 | ind_s = 3, S = O, ATOM_SYMBOL = O;
PID 11310 | 18:23:46 | ind_s = 1, S = C, ATOM_SYMBOL = O;
PID 11310 | 18:23:46 | ind_s = 2, S = H, ATOM_SYMBOL = O;
PID 11310 | 18:23:46 | ind_s = 3, S = O, ATOM_SYMBOL = O;
PID 11310 | acetic/GS0 | 18:23:46 | Running shirley_xas.x as: /global/software/sl-7.x86_64/modules/intel/2016.4.072/openmpi/2.0.2-intel/bin/mpirun -n 32 -host n0096.etna0,n0096.etna0,n0096.etna0,n0096.etna0,n0096.etna0,n0096.etna0,n0096.etna0,n0096.etna0,n0096.etna0,n0096.etna0,n0096.etna0,n0096.etna0,n0096.etna0,n0096.etna0,n0096.etna0,n0096.etna0,n0097.etna0,n0097.etna0,n0097.etna0,n0097.etna0,n0097.etna0,n0097.etna0,n0097.etna0,n0097.etna0,n0097.etna0,n0097.etna0,n0097.etna0,n0097.etna0,n0097.etna0,n0097.etna0,n0097.etna0,n0097.etna0  /global/home/groups-sw/nano/software/sl-7.x86_64/MBXAS/Shirley/bin/shirley_xas.x 1
====================================================================================================
PID 11310 | acetic/GS0 | 18:23:53 | XMAT completed
====================================================================================================
PID 11310 |  Stopping execution for acetic/GS0 at: Tue Sep  4 18:23:53 PDT 2018 | 18:23:53 | 
PID 11310 |  Wall time: 0d 0h 2m 12s | 18:23:53 | 
====================================================================================================

Located nodefile /global/scratch/yufengl/mbxas/acetic-more-bands/XAS/acetic/O2/Node-13938120-1

====================================================================================================
PID 11529 |  Starting execution for acetic/O2 at: Tue Sep  4 18:23:53 PDT 2018 | 18:23:53 | 
====================================================================================================
PID 11529 | acetic/O2 | 18:23:53 | Running directory /global/scratch/yufengl/mbxas/acetic-more-bands/XAS/acetic/O2
PID 11529 | 18:23:53 | scf; nscf; basis; ham; basis_overlap; xas
PID 11529 | acetic/O2 | 18:23:53 | Starting SCF...
PID 11529 | acetic/O2 | 18:23:53 | Running pw.x as: /global/software/sl-7.x86_64/modules/intel/2016.4.072/openmpi/2.0.2-intel/bin/mpirun -n 32 -host n0096.etna0,n0096.etna0,n0096.etna0,n0096.etna0,n0096.etna0,n0096.etna0,n0096.etna0,n0096.etna0,n0096.etna0,n0096.etna0,n0096.etna0,n0096.etna0,n0096.etna0,n0096.etna0,n0096.etna0,n0096.etna0,n0097.etna0,n0097.etna0,n0097.etna0,n0097.etna0,n0097.etna0,n0097.etna0,n0097.etna0,n0097.etna0,n0097.etna0,n0097.etna0,n0097.etna0,n0097.etna0,n0097.etna0,n0097.etna0,n0097.etna0,n0097.etna0  /global/home/groups-sw/nano/software/sl-7.x86_64/MBXAS/Shirley/bin/pw.x  
====================================================================================================
PID 11529 | acetic/O2 | 18:24:19 | SCF completed
PID 11529 | acetic/O2 | 18:24:19 | Starting NSCF...
PID 11529 | acetic/O2 | 18:24:20 | Running pw.x as: /global/software/sl-7.x86_64/modules/intel/2016.4.072/openmpi/2.0.2-intel/bin/mpirun -n 32 -host n0096.etna0,n0096.etna0,n0096.etna0,n0096.etna0,n0096.etna0,n0096.etna0,n0096.etna0,n0096.etna0,n0096.etna0,n0096.etna0,n0096.etna0,n0096.etna0,n0096.etna0,n0096.etna0,n0096.etna0,n0096.etna0,n0097.etna0,n0097.etna0,n0097.etna0,n0097.etna0,n0097.etna0,n0097.etna0,n0097.etna0,n0097.etna0,n0097.etna0,n0097.etna0,n0097.etna0,n0097.etna0,n0097.etna0,n0097.etna0,n0097.etna0,n0097.etna0  /global/home/groups-sw/nano/software/sl-7.x86_64/MBXAS/Shirley/bin/pw.x  
====================================================================================================
PID 11529 | acetic/O2 | 18:25:27 | NSCF completed
PID 11529 | acetic/O2 | 18:25:27 | Starting BASIS...
PID 11529 | acetic/O2 | 18:25:27 | Running shirley_basis.x as: /global/software/sl-7.x86_64/modules/intel/2016.4.072/openmpi/2.0.2-intel/bin/mpirun -n 32 -host n0096.etna0,n0096.etna0,n0096.etna0,n0096.etna0,n0096.etna0,n0096.etna0,n0096.etna0,n0096.etna0,n0096.etna0,n0096.etna0,n0096.etna0,n0096.etna0,n0096.etna0,n0096.etna0,n0096.etna0,n0096.etna0,n0097.etna0,n0097.etna0,n0097.etna0,n0097.etna0,n0097.etna0,n0097.etna0,n0097.etna0,n0097.etna0,n0097.etna0,n0097.etna0,n0097.etna0,n0097.etna0,n0097.etna0,n0097.etna0,n0097.etna0,n0097.etna0  /global/home/groups-sw/nano/software/sl-7.x86_64/MBXAS/Shirley/bin/shirley_basis.x
====================================================================================================
PID 11529 | acetic/O2 | 18:26:03 | BASIS completed
PID 11529 | acetic/O2 | 18:26:03 | Starting HAM...
PID 11529 | acetic/O2 | 18:26:03 | Running shirley_ham.x as: /global/software/sl-7.x86_64/modules/intel/2016.4.072/openmpi/2.0.2-intel/bin/mpirun -n 32 -host n0096.etna0,n0096.etna0,n0096.etna0,n0096.etna0,n0096.etna0,n0096.etna0,n0096.etna0,n0096.etna0,n0096.etna0,n0096.etna0,n0096.etna0,n0096.etna0,n0096.etna0,n0096.etna0,n0096.etna0,n0096.etna0,n0097.etna0,n0097.etna0,n0097.etna0,n0097.etna0,n0097.etna0,n0097.etna0,n0097.etna0,n0097.etna0,n0097.etna0,n0097.etna0,n0097.etna0,n0097.etna0,n0097.etna0,n0097.etna0,n0097.etna0,n0097.etna0  /global/home/groups-sw/nano/software/sl-7.x86_64/MBXAS/Shirley/bin/shirley_ham.x
====================================================================================================
PID 11529 | acetic/O2 | 18:26:16 | HAM completed
PID 11529 | acetic/O2 | 18:26:16 | Starting BASIS_OVERLAP...
acetic.O2-XCH | Running shirley_overlap.x as: /global/software/sl-7.x86_64/modules/intel/2016.4.072/openmpi/2.0.2-intel/bin/mpirun -n 32 -host n0096.etna0,n0096.etna0,n0096.etna0,n0096.etna0,n0096.etna0,n0096.etna0,n0096.etna0,n0096.etna0,n0096.etna0,n0096.etna0,n0096.etna0,n0096.etna0,n0096.etna0,n0096.etna0,n0096.etna0,n0096.etna0,n0097.etna0,n0097.etna0,n0097.etna0,n0097.etna0,n0097.etna0,n0097.etna0,n0097.etna0,n0097.etna0,n0097.etna0,n0097.etna0,n0097.etna0,n0097.etna0,n0097.etna0,n0097.etna0,n0097.etna0,n0097.etna0  /global/home/groups-sw/nano/software/sl-7.x86_64/MBXAS/Shirley/bin/shirley_overlap.x
====================================================================================================
PID 11529 | acetic/O2 | 18:28:42 | BASIS_OVERLAP completed
PID 11529 | 18:28:42 | acetic.O2-XCH.ham.out: nbasis = 818, nproj = 36, nknot = 27
 Estimated data load per atom (MB) = 63
 Processes available per atom, PARA_NPROCS_PER_ATOM = 32
setup_procs_per_pool: Setting a reasonable default value for memory available per process
 Memory avail(MB) per process, PARA_PROC_MEM = 1024
 Proccesses per pool per atom, PARA_NPROCS_PER_POOL = 1
PID 11529 | acetic/O2 | 18:28:42 | Starting XAS...
PID 11529 | acetic/O2 | 18:28:42 | Running shirley_xas.x as: /global/software/sl-7.x86_64/modules/intel/2016.4.072/openmpi/2.0.2-intel/bin/mpirun -n 32 -host n0096.etna0,n0096.etna0,n0096.etna0,n0096.etna0,n0096.etna0,n0096.etna0,n0096.etna0,n0096.etna0,n0096.etna0,n0096.etna0,n0096.etna0,n0096.etna0,n0096.etna0,n0096.etna0,n0096.etna0,n0096.etna0,n0097.etna0,n0097.etna0,n0097.etna0,n0097.etna0,n0097.etna0,n0097.etna0,n0097.etna0,n0097.etna0,n0097.etna0,n0097.etna0,n0097.etna0,n0097.etna0,n0097.etna0,n0097.etna0,n0097.etna0,n0097.etna0  /global/home/groups-sw/nano/software/sl-7.x86_64/MBXAS/Shirley/bin/shirley_xas.x 1
====================================================================================================
PID 11529 | acetic/O2 | 18:28:49 | XAS completed
====================================================================================================
PID 11529 |  Stopping execution for acetic/O2 at: Tue Sep  4 18:28:49 PDT 2018 | 18:28:49 | 
PID 11529 |  Wall time: 0d 0h 4m 56s | 18:28:49 | 
====================================================================================================

Located nodefile /global/scratch/yufengl/mbxas/acetic-more-bands/XAS/acetic/O1/Node-13938120-1

====================================================================================================
PID 11513 |  Starting execution for acetic/O1 at: Tue Sep  4 18:28:50 PDT 2018 | 18:28:50 | 
====================================================================================================
PID 11513 | acetic/O1 | 18:28:50 | Running directory /global/scratch/yufengl/mbxas/acetic-more-bands/XAS/acetic/O1
PID 11513 | 18:28:50 | scf; nscf; basis; ham; basis_overlap; xas
PID 11513 | acetic/O1 | 18:28:50 | Starting SCF...
PID 11513 | acetic/O1 | 18:28:50 | Running pw.x as: /global/software/sl-7.x86_64/modules/intel/2016.4.072/openmpi/2.0.2-intel/bin/mpirun -n 32 -host n0096.etna0,n0096.etna0,n0096.etna0,n0096.etna0,n0096.etna0,n0096.etna0,n0096.etna0,n0096.etna0,n0096.etna0,n0096.etna0,n0096.etna0,n0096.etna0,n0096.etna0,n0096.etna0,n0096.etna0,n0096.etna0,n0097.etna0,n0097.etna0,n0097.etna0,n0097.etna0,n0097.etna0,n0097.etna0,n0097.etna0,n0097.etna0,n0097.etna0,n0097.etna0,n0097.etna0,n0097.etna0,n0097.etna0,n0097.etna0,n0097.etna0,n0097.etna0  /global/home/groups-sw/nano/software/sl-7.x86_64/MBXAS/Shirley/bin/pw.x  
====================================================================================================
PID 11513 | acetic/O1 | 18:29:28 | SCF completed
PID 11513 | acetic/O1 | 18:29:28 | Starting NSCF...
PID 11513 | acetic/O1 | 18:29:28 | Running pw.x as: /global/software/sl-7.x86_64/modules/intel/2016.4.072/openmpi/2.0.2-intel/bin/mpirun -n 32 -host n0096.etna0,n0096.etna0,n0096.etna0,n0096.etna0,n0096.etna0,n0096.etna0,n0096.etna0,n0096.etna0,n0096.etna0,n0096.etna0,n0096.etna0,n0096.etna0,n0096.etna0,n0096.etna0,n0096.etna0,n0096.etna0,n0097.etna0,n0097.etna0,n0097.etna0,n0097.etna0,n0097.etna0,n0097.etna0,n0097.etna0,n0097.etna0,n0097.etna0,n0097.etna0,n0097.etna0,n0097.etna0,n0097.etna0,n0097.etna0,n0097.etna0,n0097.etna0  /global/home/groups-sw/nano/software/sl-7.x86_64/MBXAS/Shirley/bin/pw.x  
====================================================================================================
PID 11513 | acetic/O1 | 18:30:43 | NSCF completed
PID 11513 | acetic/O1 | 18:30:43 | Starting BASIS...
PID 11513 | acetic/O1 | 18:30:43 | Running shirley_basis.x as: /global/software/sl-7.x86_64/modules/intel/2016.4.072/openmpi/2.0.2-intel/bin/mpirun -n 32 -host n0096.etna0,n0096.etna0,n0096.etna0,n0096.etna0,n0096.etna0,n0096.etna0,n0096.etna0,n0096.etna0,n0096.etna0,n0096.etna0,n0096.etna0,n0096.etna0,n0096.etna0,n0096.etna0,n0096.etna0,n0096.etna0,n0097.etna0,n0097.etna0,n0097.etna0,n0097.etna0,n0097.etna0,n0097.etna0,n0097.etna0,n0097.etna0,n0097.etna0,n0097.etna0,n0097.etna0,n0097.etna0,n0097.etna0,n0097.etna0,n0097.etna0,n0097.etna0  /global/home/groups-sw/nano/software/sl-7.x86_64/MBXAS/Shirley/bin/shirley_basis.x
====================================================================================================
PID 11513 | acetic/O1 | 18:31:19 | BASIS completed
PID 11513 | acetic/O1 | 18:31:19 | Starting HAM...
PID 11513 | acetic/O1 | 18:31:19 | Running shirley_ham.x as: /global/software/sl-7.x86_64/modules/intel/2016.4.072/openmpi/2.0.2-intel/bin/mpirun -n 32 -host n0096.etna0,n0096.etna0,n0096.etna0,n0096.etna0,n0096.etna0,n0096.etna0,n0096.etna0,n0096.etna0,n0096.etna0,n0096.etna0,n0096.etna0,n0096.etna0,n0096.etna0,n0096.etna0,n0096.etna0,n0096.etna0,n0097.etna0,n0097.etna0,n0097.etna0,n0097.etna0,n0097.etna0,n0097.etna0,n0097.etna0,n0097.etna0,n0097.etna0,n0097.etna0,n0097.etna0,n0097.etna0,n0097.etna0,n0097.etna0,n0097.etna0,n0097.etna0  /global/home/groups-sw/nano/software/sl-7.x86_64/MBXAS/Shirley/bin/shirley_ham.x
====================================================================================================
PID 11513 | acetic/O1 | 18:31:33 | HAM completed
PID 11513 | acetic/O1 | 18:31:33 | Starting BASIS_OVERLAP...
acetic.O1-XCH | Running shirley_overlap.x as: /global/software/sl-7.x86_64/modules/intel/2016.4.072/openmpi/2.0.2-intel/bin/mpirun -n 32 -host n0096.etna0,n0096.etna0,n0096.etna0,n0096.etna0,n0096.etna0,n0096.etna0,n0096.etna0,n0096.etna0,n0096.etna0,n0096.etna0,n0096.etna0,n0096.etna0,n0096.etna0,n0096.etna0,n0096.etna0,n0096.etna0,n0097.etna0,n0097.etna0,n0097.etna0,n0097.etna0,n0097.etna0,n0097.etna0,n0097.etna0,n0097.etna0,n0097.etna0,n0097.etna0,n0097.etna0,n0097.etna0,n0097.etna0,n0097.etna0,n0097.etna0,n0097.etna0  /global/home/groups-sw/nano/software/sl-7.x86_64/MBXAS/Shirley/bin/shirley_overlap.x
====================================================================================================
PID 11513 | acetic/O1 | 18:34:24 | BASIS_OVERLAP completed
PID 11513 | 18:34:24 | acetic.O1-XCH.ham.out: nbasis = 821, nproj = 36, nknot = 27
 Estimated data load per atom (MB) = 64
 Processes available per atom, PARA_NPROCS_PER_ATOM = 32
setup_procs_per_pool: Setting a reasonable default value for memory available per process
 Memory avail(MB) per process, PARA_PROC_MEM = 1024
 Proccesses per pool per atom, PARA_NPROCS_PER_POOL = 1
PID 11513 | acetic/O1 | 18:34:24 | Starting XAS...
PID 11513 | acetic/O1 | 18:34:24 | Running shirley_xas.x as: /global/software/sl-7.x86_64/modules/intel/2016.4.072/openmpi/2.0.2-intel/bin/mpirun -n 32 -host n0096.etna0,n0096.etna0,n0096.etna0,n0096.etna0,n0096.etna0,n0096.etna0,n0096.etna0,n0096.etna0,n0096.etna0,n0096.etna0,n0096.etna0,n0096.etna0,n0096.etna0,n0096.etna0,n0096.etna0,n0096.etna0,n0097.etna0,n0097.etna0,n0097.etna0,n0097.etna0,n0097.etna0,n0097.etna0,n0097.etna0,n0097.etna0,n0097.etna0,n0097.etna0,n0097.etna0,n0097.etna0,n0097.etna0,n0097.etna0,n0097.etna0,n0097.etna0  /global/home/groups-sw/nano/software/sl-7.x86_64/MBXAS/Shirley/bin/shirley_xas.x 1
====================================================================================================
PID 11513 | acetic/O1 | 18:34:31 | XAS completed
====================================================================================================
PID 11513 |  Stopping execution for acetic/O1 at: Tue Sep  4 18:34:31 PDT 2018 | 18:34:31 | 
PID 11513 |  Wall time: 0d 0h 5m 41s | 18:34:31 | 
====================================================================================================

